\BOOKMARK [0][-]{chapter.1}{Project\040Context}{}% 1
\BOOKMARK [1][-]{section.1.1}{Real\040analytics}{chapter.1}% 2
\BOOKMARK [2][-]{subsection.1.1.1}{Definition}{section.1.1}% 3
\BOOKMARK [2][-]{subsection.1.1.2}{Achivements}{section.1.1}% 4
\BOOKMARK [1][-]{section.1.2}{Methodology}{chapter.1}% 5
\BOOKMARK [2][-]{subsection.1.2.1}{What\040is\040SCRUM\040methodology\040?}{section.1.2}% 6
\BOOKMARK [2][-]{subsection.1.2.2}{Project}{section.1.2}% 7
\BOOKMARK [2][-]{subsection.1.2.3}{Tools}{section.1.2}% 8
\BOOKMARK [1][-]{section.1.3}{Project\040objectives}{chapter.1}% 9
\BOOKMARK [1][-]{section.1.4}{Data}{chapter.1}% 10
\BOOKMARK [0][-]{chapter.2}{Kloppy\040Featuring\040InStat}{}% 11
\BOOKMARK [1][-]{section.2.1}{Introduction}{chapter.2}% 12
\BOOKMARK [1][-]{section.2.2}{Problematic}{chapter.2}% 13
\BOOKMARK [1][-]{section.2.3}{The\040Kloppy\040Package}{chapter.2}% 14
\BOOKMARK [2][-]{subsection.2.3.1}{What\040is\040Kloppy\040?}{section.2.3}% 15
\BOOKMARK [2][-]{subsection.2.3.2}{Kloppy\040providers}{section.2.3}% 16
\BOOKMARK [2][-]{subsection.2.3.3}{What\040is\040events\040&\040line-up\040data\040in\040football?}{section.2.3}% 17
\BOOKMARK [2][-]{subsection.2.3.4}{Example}{section.2.3}% 18
\BOOKMARK [2][-]{subsection.2.3.5}{Kloppy\040Event\040Types}{section.2.3}% 19
\BOOKMARK [3][-]{subsubsection*.3}{Pass\040Event}{subsection.2.3.5}% 20
\BOOKMARK [3][-]{subsubsection*.4}{Shot\040Event}{subsection.2.3.5}% 21
\BOOKMARK [3][-]{subsubsection*.5}{Take\040on\040Event}{subsection.2.3.5}% 22
\BOOKMARK [3][-]{subsubsection*.6}{Carry\040Event}{subsection.2.3.5}% 23
\BOOKMARK [3][-]{subsubsection*.7}{Substitution\040Event}{subsection.2.3.5}% 24
\BOOKMARK [3][-]{subsubsection*.8}{Player\040On/Off\040Event}{subsection.2.3.5}% 25
\BOOKMARK [3][-]{subsubsection*.9}{Card\040Event}{subsection.2.3.5}% 26
\BOOKMARK [3][-]{subsubsection*.10}{Recovery\040Event}{subsection.2.3.5}% 27
\BOOKMARK [3][-]{subsubsection*.11}{Ball\040out\040Event}{subsection.2.3.5}% 28
\BOOKMARK [3][-]{subsubsection*.12}{Foul\040Commit\040Event}{subsection.2.3.5}% 29
\BOOKMARK [3][-]{subsubsection*.13}{Generic\040Event}{subsection.2.3.5}% 30
\BOOKMARK [2][-]{subsection.2.3.6}{Kloppy\040qualifiers}{section.2.3}% 31
\BOOKMARK [2][-]{subsection.2.3.7}{Dependencies}{section.2.3}% 32
\BOOKMARK [1][-]{section.2.4}{The\040InStat\040Provider}{chapter.2}% 33
\BOOKMARK [2][-]{subsection.2.4.1}{What\040is\040InStat\040?}{section.2.4}% 34
\BOOKMARK [2][-]{subsection.2.4.2}{InStat\040Files}{section.2.4}% 35
\BOOKMARK [3][-]{subsubsection*.14}{Line-up}{subsection.2.4.2}% 36
\BOOKMARK [3][-]{subsubsection*.15}{Events}{subsection.2.4.2}% 37
\BOOKMARK [2][-]{subsection.2.4.3}{InStat\040Actions}{section.2.4}% 38
\BOOKMARK [2][-]{subsection.2.4.4}{InStat\040Coordinates\040System}{section.2.4}% 39
\BOOKMARK [2][-]{subsection.2.4.5}{InStat\040Standart}{section.2.4}% 40
\BOOKMARK [2][-]{subsection.2.4.6}{InStat\040Body\040Part}{section.2.4}% 41
\BOOKMARK [1][-]{section.2.5}{Workflow}{chapter.2}% 42
\BOOKMARK [2][-]{subsection.2.5.1}{Instat\040Inputs}{section.2.5}% 43
\BOOKMARK [2][-]{subsection.2.5.2}{Coordinates\040System}{section.2.5}% 44
\BOOKMARK [2][-]{subsection.2.5.3}{Action\040Id}{section.2.5}% 45
\BOOKMARK [2][-]{subsection.2.5.4}{Qualifiers\040Functions}{section.2.5}% 46
\BOOKMARK [3][-]{subsubsection*.16}{Body\040Part\040Qualifier}{subsection.2.5.4}% 47
\BOOKMARK [3][-]{subsubsection*.17}{Card\040Qualifier}{subsection.2.5.4}% 48
\BOOKMARK [3][-]{subsubsection*.18}{Pass\040Qualifier}{subsection.2.5.4}% 49
\BOOKMARK [3][-]{subsubsection*.19}{Set\040Piece\040Qualifier}{subsection.2.5.4}% 50
\BOOKMARK [2][-]{subsection.2.5.5}{Parse\040Functions}{section.2.5}% 51
\BOOKMARK [3][-]{subsubsection*.20}{Parse\040Team}{subsection.2.5.5}% 52
\BOOKMARK [3][-]{subsubsection*.21}{Parse\040Score}{subsection.2.5.5}% 53
\BOOKMARK [3][-]{subsubsection*.22}{Parse\040Card}{subsection.2.5.5}% 54
\BOOKMARK [3][-]{subsubsection*.23}{Parse\040pass}{subsection.2.5.5}% 55
\BOOKMARK [3][-]{subsubsection*.24}{Parse\040shot}{subsection.2.5.5}% 56
\BOOKMARK [3][-]{subsubsection*.25}{Parse\040take-on}{subsection.2.5.5}% 57
\BOOKMARK [2][-]{subsection.2.5.6}{InStat\040Deserializer}{section.2.5}% 58
\BOOKMARK [3][-]{subsubsection*.26}{Metadata}{subsection.2.5.6}% 59
\BOOKMARK [3][-]{subsubsection*.27}{Records}{subsection.2.5.6}% 60
\BOOKMARK [1][-]{section.2.6}{Result}{chapter.2}% 61
\BOOKMARK [0][-]{chapter.3}{Physical\040report}{}% 62
\BOOKMARK [1][-]{section.3.1}{Introduction}{chapter.3}% 63
\BOOKMARK [1][-]{section.3.2}{Tracking\040Data}{chapter.3}% 64
\BOOKMARK [1][-]{section.3.3}{Workflow}{chapter.3}% 65
\BOOKMARK [2][-]{subsection.3.3.1}{Minutes\040played}{section.3.3}% 66
\BOOKMARK [2][-]{subsection.3.3.2}{Distance\040covered}{section.3.3}% 67
\BOOKMARK [2][-]{subsection.3.3.3}{Top\040speed}{section.3.3}% 68
\BOOKMARK [2][-]{subsection.3.3.4}{Exemple}{section.3.3}% 69
\BOOKMARK [1][-]{section.3.4}{Result}{chapter.3}% 70
\BOOKMARK [0][-]{chapter.4}{Data\040Visualization}{}% 71
\BOOKMARK [1][-]{section.4.1}{Introduction}{chapter.4}% 72
\BOOKMARK [1][-]{section.4.2}{FrameWork}{chapter.4}% 73
\BOOKMARK [2][-]{subsection.4.2.1}{What\040is\040Dash\040?}{section.4.2}% 74
\BOOKMARK [2][-]{subsection.4.2.2}{Dash\040Bootstrap\040Components}{section.4.2}% 75
\BOOKMARK [1][-]{section.4.3}{Dashboard\040Content}{chapter.4}% 76
\BOOKMARK [2][-]{subsection.4.3.1}{Match\040page}{section.4.3}% 77
\BOOKMARK [2][-]{subsection.4.3.2}{Running\040configuration}{section.4.3}% 78
\BOOKMARK [2][-]{subsection.4.3.3}{Player\040page}{section.4.3}% 79
\BOOKMARK [2][-]{subsection.4.3.4}{Player\040Comparison}{section.4.3}% 80
\BOOKMARK [0][-]{chapter.5}{Conclusion}{}% 81
